in producer
Detected TERM_SIG, will terminate after this batch.
PRODUCER -> {5000 TSLA 2.9 100}
inside loop now
true TASK: &{{-0.17001044908849344 2.105376944528336 <nil>} {5000 TSLA 2.9 100} 0xc000400000 0 0xc00040a000}
PRODUCER -> {5000 SPY 5 20}
PRODUCER -> {5000 GOOGL 1.8 17}
PRODUCER -> {5000 AAPL 3.5 5}
PRODUCER -> {5000 AMZN 6.1 400}
PRODUCER -> {5000 MSFT 4.2 30}
total len 5000
hval:  0.028999999999999998
[1] FINAL RESULT -> {0.1931215253896229 {5000 TSLA 2.9 100}}
inside loop now
true TASK: &{{-0.01389651257172364 0.9849141476663603 <nil>} {5000 MSFT 4.2 30} 0xc0004b0000 0 0xc0004ba000}
total len 5000
hval:  0.042
[1] FINAL RESULT -> {0.4625933544853137 {5000 MSFT 4.2 30}}
inside loop now
true TASK: &{{-0.018300079827381896 1.0080978322768104 <nil>} {5000 AAPL 3.5 5} 0xc000230000 0 0xc00023a000}
total len 5000
hval:  0.035
[1] FINAL RESULT -> {0.4762267329531421 {5000 AAPL 3.5 5}}
inside loop now
true TASK: &{{0.03454944608809849 1.1240890543288846 <nil>} {5000 AMZN 6.1 400} 0xc00049c000 0 0xc0004a6000}
total len 5000
hval:  0.061
[1] FINAL RESULT -> {0.7060699621534477 {5000 AMZN 6.1 400}}
inside loop now
true TASK: &{{0.19080908841439218 1.1592241726190757 <nil>} {5000 GOOGL 1.8 17} 0xc000482000 0 0xc00048c000}
total len 5000
hval:  0.018000000000000002
[1] FINAL RESULT -> {0.7499780495402009 {5000 GOOGL 1.8 17}}
inside loop now
true TASK: &{{0.018195176166116864 0.5664822094862274 <nil>} {5000 SPY 5 20} 0xc000128000 0 0xc000132000}
total len 5000
hval:  0.05
[1] FINAL RESULT -> {0.5472232499301313 {5000 SPY 5 20}}
